SF:lib\main.dart
DA:9,0
DA:10,0
DA:12,0
DA:13,0
DA:14,0
DA:16,0
DA:17,0
DA:19,0
DA:20,0
DA:23,0
DA:27,0
DA:29,0
DA:33,0
DA:34,0
DA:41,0
DA:49,0
DA:50,0
DA:53,0
DA:67,0
DA:77,0
DA:79,0
DA:82,0
DA:83,0
DA:87,0
DA:88,0
DA:90,0
DA:94,0
DA:100,3
DA:102,1
DA:104,1
DA:107,1
DA:108,1
DA:112,1
DA:113,1
DA:114,1
DA:115,1
DA:116,1
DA:119,1
DA:126,3
DA:130,1
DA:131,1
DA:140,1
DA:142,1
DA:143,1
DA:146,1
DA:147,1
DA:149,0
DA:150,0
DA:151,0
DA:156,0
DA:157,0
DA:158,0
DA:163,0
DA:167,1
DA:168,2
DA:169,2
DA:170,2
DA:171,0
DA:172,2
DA:173,0
DA:174,2
DA:175,0
DA:177,2
DA:181,3
DA:184,0
DA:185,0
DA:186,0
DA:187,0
DA:188,0
DA:189,0
DA:190,0
DA:191,0
DA:192,0
DA:193,0
DA:195,0
DA:200,0
DA:203,1
DA:204,2
DA:205,1
DA:206,1
DA:209,3
DA:212,1
DA:213,2
DA:215,0
DA:217,0
DA:224,1
DA:225,1
DA:226,1
DA:227,1
DA:228,1
DA:231,1
DA:232,1
DA:233,0
DA:234,0
DA:235,0
DA:239,1
DA:240,1
DA:241,1
DA:242,2
DA:246,1
DA:247,0
DA:248,0
DA:258,1
DA:261,1
DA:262,1
DA:263,1
DA:264,1
DA:265,1
DA:266,1
DA:267,1
DA:270,1
DA:272,1
DA:273,1
DA:274,0
DA:275,0
DA:279,1
DA:280,1
DA:281,1
DA:282,1
DA:283,0
DA:284,0
DA:295,0
DA:298,0
DA:299,0
DA:300,0
DA:301,0
DA:302,0
DA:303,0
DA:304,0
DA:307,0
DA:312,0
DA:313,0
DA:314,0
DA:315,0
DA:319,0
DA:320,0
DA:321,0
DA:323,0
DA:324,0
DA:326,0
DA:329,0
DA:339,1
DA:341,2
DA:343,1
DA:344,1
DA:345,3
DA:347,1
DA:348,1
DA:350,1
DA:351,1
DA:352,1
DA:354,1
DA:355,1
DA:356,1
DA:359,1
DA:361,1
DA:363,1
DA:373,1
DA:374,1
DA:376,1
DA:379,1
DA:386,1
DA:387,2
DA:391,1
DA:393,1
DA:394,1
DA:395,1
DA:401,1
DA:402,1
DA:403,1
DA:412,1
DA:414,1
DA:416,1
DA:417,1
DA:418,1
DA:419,1
DA:420,1
DA:427,1
DA:428,1
DA:429,1
DA:430,1
DA:440,2
DA:447,2
DA:451,1
DA:453,1
DA:454,1
DA:455,3
DA:456,2
DA:458,1
DA:460,1
DA:461,1
DA:462,1
DA:463,2
DA:465,1
DA:466,3
DA:468,0
DA:471,0
DA:472,0
DA:473,0
DA:474,0
DA:475,0
DA:476,0
DA:477,0
DA:478,0
DA:481,0
DA:485,0
DA:486,0
DA:488,0
DA:489,0
DA:490,0
DA:491,0
DA:492,0
DA:494,0
DA:496,0
DA:497,0
DA:498,0
DA:499,0
DA:500,0
DA:502,0
DA:503,0
DA:504,0
DA:506,0
DA:507,0
DA:508,0
DA:509,0
DA:520,0
DA:526,1
DA:527,1
DA:529,1
DA:531,2
DA:544,2
DA:546,1
DA:547,1
DA:554,1
DA:556,1
DA:557,1
DA:558,3
DA:561,1
DA:563,1
DA:564,1
DA:565,1
DA:566,1
DA:567,1
DA:574,1
DA:576,1
DA:577,2
DA:584,1
DA:585,0
DA:587,0
DA:589,0
DA:602,2
DA:606,1
DA:607,1
DA:613,1
DA:615,1
DA:616,1
DA:619,1
DA:621,1
DA:623,0
DA:624,0
DA:625,0
DA:629,2
DA:633,1
DA:635,1
DA:636,1
DA:637,3
DA:638,3
DA:640,1
DA:641,1
DA:643,1
DA:645,2
DA:646,0
DA:647,0
DA:648,0
DA:649,0
DA:651,0
DA:653,0
DA:655,0
DA:656,0
DA:657,0
DA:658,0
DA:660,0
DA:661,0
DA:662,0
DA:663,0
DA:665,0
DA:666,0
DA:667,0
DA:668,0
DA:674,1
DA:678,1
DA:685,2
DA:689,1
DA:691,1
DA:692,1
DA:693,3
DA:694,2
DA:696,1
DA:698,1
DA:699,1
DA:700,1
DA:701,2
DA:703,1
DA:704,3
DA:706,0
DA:709,0
DA:710,0
DA:711,0
DA:712,0
DA:713,0
DA:714,0
DA:715,0
DA:716,0
DA:719,0
DA:723,0
DA:724,0
DA:726,0
DA:727,0
DA:728,0
DA:729,0
DA:730,0
DA:732,0
DA:734,0
DA:735,0
DA:736,0
DA:737,0
DA:738,0
DA:740,0
DA:741,0
DA:742,0
DA:744,0
DA:745,0
DA:746,0
DA:747,0
DA:758,0
DA:764,1
DA:765,1
DA:767,1
DA:769,2
DA:782,2
DA:784,1
DA:785,1
DA:792,1
DA:794,1
DA:795,1
DA:796,3
DA:799,1
DA:801,1
DA:802,1
DA:803,1
DA:804,1
DA:805,1
DA:812,1
DA:814,1
DA:815,2
DA:822,1
DA:823,0
DA:825,0
DA:827,0
DA:842,3
DA:844,1
DA:845,1
DA:851,1
DA:853,1
DA:854,3
DA:857,1
DA:859,1
DA:861,1
DA:880,1
DA:881,2
DA:882,1
DA:885,1
DA:886,0
DA:888,1
DA:889,1
DA:890,1
DA:892,1
DA:893,1
DA:894,1
DA:896,1
DA:897,1
DA:898,1
LF:382
LH:212
end_of_record
SF:lib\firebase_service.dart
DA:6,0
DA:8,0
DA:9,0
DA:11,0
DA:12,0
DA:14,0
DA:23,0
DA:24,0
DA:26,0
DA:27,0
DA:29,0
DA:38,0
DA:39,0
DA:40,0
DA:43,1
DA:45,1
DA:47,0
DA:50,0
DA:53,2
DA:58,1
DA:60,1
DA:62,0
DA:63,0
DA:67,2
DA:72,0
DA:74,0
DA:76,0
DA:79,0
DA:80,0
DA:81,0
DA:82,0
DA:83,0
DA:85,0
DA:90,0
DA:95,1
DA:96,1
DA:98,0
DA:100,0
DA:104,0
DA:105,0
DA:106,0
DA:107,0
DA:110,0
DA:112,0
DA:117,0
DA:119,0
DA:120,0
DA:124,0
DA:125,0
DA:126,0
DA:130,0
DA:131,0
DA:136,0
DA:137,0
DA:140,0
DA:141,0
DA:145,0
DA:147,0
DA:151,0
DA:154,0
DA:155,0
DA:157,0
DA:158,0
DA:160,0
DA:161,0
DA:162,0
DA:166,0
DA:168,0
DA:170,0
DA:173,0
DA:176,0
DA:177,0
DA:178,0
DA:181,1
DA:182,1
DA:184,0
DA:185,0
LF:77
LH:10
end_of_record
