SF:lib\main.dart
DA:3,0
DA:4,0
DA:8,3
DA:10,1
DA:12,1
DA:15,1
DA:16,1
DA:20,1
DA:21,1
DA:22,0
DA:23,0
DA:24,0
DA:31,2
DA:35,1
DA:36,1
DA:42,1
DA:43,2
DA:44,2
DA:48,1
DA:50,1
DA:51,1
DA:52,3
DA:53,3
DA:55,1
DA:56,1
DA:58,1
DA:62,1
DA:63,2
DA:67,1
DA:76,1
DA:77,1
DA:81,1
DA:96,0
DA:98,0
DA:99,0
DA:101,0
DA:102,0
DA:104,0
DA:105,0
DA:115,2
DA:119,0
DA:121,0
DA:122,0
DA:123,0
DA:125,0
DA:126,0
DA:133,2
DA:137,0
DA:139,0
DA:140,0
DA:141,0
DA:143,0
DA:144,0
DA:151,2
DA:155,0
DA:157,0
DA:158,0
DA:159,0
DA:161,0
DA:162,0
LF:60
LH:30
end_of_record
